
> patriots-command-center@0.1.0 dev
> next dev

▲ Next.js 16.1.1 (Turbopack)
- Local:         http://localhost:3000
- Network:       http://192.168.0.2:3000

✓ Starting...
Attention: Next.js now collects completely anonymous telemetry regarding usage.
This information is used to shape Next.js' roadmap and prioritize features.
You can learn more, including how to opt-out if you'd not like to participate in this anonymous program, by visiting the following URL:
https://nextjs.org/telemetry

✓ Ready in 1149ms
○ Compiling / ...
Error API nflteamplayers: 429 {"message":"Too many requests"}
Error API team/v2/injuries: 429 {"message":"Too many requests"}
Error API nfl-schedule-team: 429 {"message":"Too many requests"}
Error API nflstandings: 429 {"message":"Too many requests"}
Error API nfl-schedule-team: 403 {"message":"You are not subscribed to this API."}
Error API nfl-news: 429 {"message":"Too many requests"}
Error API team/leaders: 429 {"message":"Too many requests"}
Error API players/id: 429 {"message":"Too many requests"}
 GET / 200 in 14.1s (compile: 12.8s, render: 1272ms)
Error API nflstandings: 429 {"message":"Too many requests"}
Error API nfl-news: 429 {"message":"Too many requests"}
Error API nfl-schedule-team: 429 {"message":"Too many requests"}
Error API team/leaders: 429 {"message":"Too many requests"}
Error API team/v2/injuries: 429 {"message":"Too many requests"}
Error API nflteamplayers: 403 {"message":"You are not subscribed to this API."}
Error API nfl-schedule-team: 403 {"message":"You are not subscribed to this API."}
Error API players/id: 429 {"message":"Too many requests"}
 GET / 200 in 519ms (compile: 6ms, render: 512ms)
